  udp_server.cc
  sync_udp_client.cc
  tcp_server.cc
  tcp_conn.cc
  tcp_client.cc
  sockets.cc
  pch.cc
  listener.cc
  libevent_watcher.cc
  libevent_compact.cc
  invoke_timer.cc
  inner_pre.cc
  http_server.cc
  context.cc
  service.cc
  url_parser.cc
  conn_pool.cc
  response.cc
  request.cc
  conn.cc
  Generating Code...
  Compiling...
  fd_channel.cc
  event_loop_thread_pool.cc
  event_loop_thread.cc
  event_loop.cc
  duration.cc
  dns_resolver.cc
  connector.cc
  buffer.cc
  Generating Code...
pch.obj : warning LNK4221: This object file does not define any previously undefined public symbols, so it will not be used by any link operation that consumes this library
libevent_compact.obj : warning LNK4221: This object file does not define any previously undefined public symbols, so it will not be used by any link operation that consumes this library
  libevpp.vcxproj -> D:\360.git\evpp\vsprojects\bin/Debug/evpp_static.lib
